{"C:\\Users\\selsa\\whispering\\server.js": {"path":"C:\\Users\\selsa\\whispering\\server.js","statementMap":{"0":{"start":{"line":5,"column":12},"end":{"line":5,"column":21}},"1":{"start":{"line":7,"column":0},"end":{"line":7,"column":26}},"2":{"start":{"line":8,"column":0},"end":{"line":8,"column":33}},"3":{"start":{"line":10,"column":0},"end":{"line":10,"column":29}},"4":{"start":{"line":13,"column":0},"end":{"line":16,"column":2}},"5":{"start":{"line":14,"column":19},"end":{"line":14,"column":33}},"6":{"start":{"line":15,"column":2},"end":{"line":15,"column":35}},"7":{"start":{"line":19,"column":0},"end":{"line":22,"column":2}},"8":{"start":{"line":20,"column":19},"end":{"line":20,"column":33}},"9":{"start":{"line":21,"column":2},"end":{"line":21,"column":20}},"10":{"start":{"line":25,"column":0},"end":{"line":33,"column":2}},"11":{"start":{"line":26,"column":13},"end":{"line":26,"column":36}},"12":{"start":{"line":27,"column":18},"end":{"line":27,"column":35}},"13":{"start":{"line":28,"column":2},"end":{"line":32,"column":3}},"14":{"start":{"line":29,"column":4},"end":{"line":29,"column":23}},"15":{"start":{"line":31,"column":4},"end":{"line":31,"column":21}},"16":{"start":{"line":36,"column":0},"end":{"line":44,"column":2}},"17":{"start":{"line":37,"column":22},"end":{"line":37,"column":30}},"18":{"start":{"line":38,"column":2},"end":{"line":43,"column":3}},"19":{"start":{"line":39,"column":4},"end":{"line":39,"column":23}},"20":{"start":{"line":41,"column":20},"end":{"line":41,"column":41}},"21":{"start":{"line":42,"column":4},"end":{"line":42,"column":33}},"22":{"start":{"line":47,"column":0},"end":{"line":61,"column":2}},"23":{"start":{"line":48,"column":22},"end":{"line":48,"column":30}},"24":{"start":{"line":49,"column":13},"end":{"line":49,"column":36}},"25":{"start":{"line":50,"column":2},"end":{"line":60,"column":3}},"26":{"start":{"line":51,"column":4},"end":{"line":51,"column":23}},"27":{"start":{"line":53,"column":20},"end":{"line":53,"column":37}},"28":{"start":{"line":54,"column":4},"end":{"line":59,"column":5}},"29":{"start":{"line":55,"column":6},"end":{"line":55,"column":25}},"30":{"start":{"line":57,"column":6},"end":{"line":57,"column":35}},"31":{"start":{"line":58,"column":6},"end":{"line":58,"column":25}},"32":{"start":{"line":64,"column":0},"end":{"line":73,"column":2}},"33":{"start":{"line":65,"column":13},"end":{"line":65,"column":36}},"34":{"start":{"line":66,"column":18},"end":{"line":66,"column":35}},"35":{"start":{"line":67,"column":2},"end":{"line":70,"column":3}},"36":{"start":{"line":68,"column":4},"end":{"line":68,"column":23}},"37":{"start":{"line":69,"column":4},"end":{"line":69,"column":10}},"38":{"start":{"line":71,"column":2},"end":{"line":71,"column":22}},"39":{"start":{"line":72,"column":2},"end":{"line":72,"column":21}}},"fnMap":{"0":{"name":"(anonymous_0)","decl":{"start":{"line":13,"column":18},"end":{"line":13,"column":19}},"loc":{"start":{"line":13,"column":38},"end":{"line":16,"column":1}},"line":13},"1":{"name":"(anonymous_1)","decl":{"start":{"line":19,"column":27},"end":{"line":19,"column":28}},"loc":{"start":{"line":19,"column":47},"end":{"line":22,"column":1}},"line":19},"2":{"name":"(anonymous_2)","decl":{"start":{"line":25,"column":31},"end":{"line":25,"column":32}},"loc":{"start":{"line":25,"column":51},"end":{"line":33,"column":1}},"line":25},"3":{"name":"(anonymous_3)","decl":{"start":{"line":36,"column":28},"end":{"line":36,"column":29}},"loc":{"start":{"line":36,"column":48},"end":{"line":44,"column":1}},"line":36},"4":{"name":"(anonymous_4)","decl":{"start":{"line":47,"column":31},"end":{"line":47,"column":32}},"loc":{"start":{"line":47,"column":51},"end":{"line":61,"column":1}},"line":47},"5":{"name":"(anonymous_5)","decl":{"start":{"line":64,"column":34},"end":{"line":64,"column":35}},"loc":{"start":{"line":64,"column":54},"end":{"line":73,"column":1}},"line":64}},"branchMap":{"0":{"loc":{"start":{"line":28,"column":2},"end":{"line":32,"column":3}},"type":"if","locations":[{"start":{"line":28,"column":2},"end":{"line":32,"column":3}},{"start":{"line":30,"column":9},"end":{"line":32,"column":3}}],"line":28},"1":{"loc":{"start":{"line":38,"column":2},"end":{"line":43,"column":3}},"type":"if","locations":[{"start":{"line":38,"column":2},"end":{"line":43,"column":3}},{"start":{"line":40,"column":9},"end":{"line":43,"column":3}}],"line":38},"2":{"loc":{"start":{"line":50,"column":2},"end":{"line":60,"column":3}},"type":"if","locations":[{"start":{"line":50,"column":2},"end":{"line":60,"column":3}},{"start":{"line":52,"column":9},"end":{"line":60,"column":3}}],"line":50},"3":{"loc":{"start":{"line":54,"column":4},"end":{"line":59,"column":5}},"type":"if","locations":[{"start":{"line":54,"column":4},"end":{"line":59,"column":5}},{"start":{"line":56,"column":11},"end":{"line":59,"column":5}}],"line":54},"4":{"loc":{"start":{"line":67,"column":2},"end":{"line":70,"column":3}},"type":"if","locations":[{"start":{"line":67,"column":2},"end":{"line":70,"column":3}},{"start":{},"end":{}}],"line":67}},"s":{"0":1,"1":1,"2":1,"3":1,"4":1,"5":0,"6":0,"7":1,"8":2,"9":2,"10":1,"11":2,"12":2,"13":2,"14":1,"15":1,"16":1,"17":3,"18":3,"19":2,"20":1,"21":1,"22":1,"23":4,"24":4,"25":4,"26":2,"27":2,"28":2,"29":1,"30":1,"31":1,"32":1,"33":2,"34":2,"35":2,"36":1,"37":1,"38":1,"39":1},"f":{"0":0,"1":2,"2":2,"3":3,"4":4,"5":2},"b":{"0":[1,1],"1":[2,1],"2":[2,2],"3":[1,1],"4":[1,1]},"_coverageSchema":"1a1c01bbd47fc00a2c39e90264f33305004495a9","hash":"ef606cd0a6b71f05b706150a16503ec73c5d1722"}
,"C:\\Users\\selsa\\whispering\\store.js": {"path":"C:\\Users\\selsa\\whispering\\store.js","statementMap":{"0":{"start":{"line":4,"column":17},"end":{"line":4,"column":52}},"1":{"start":{"line":6,"column":20},"end":{"line":6,"column":72}},"2":{"start":{"line":6,"column":28},"end":{"line":6,"column":72}},"3":{"start":{"line":8,"column":17},"end":{"line":11,"column":1}},"4":{"start":{"line":9,"column":15},"end":{"line":9,"column":51}},"5":{"start":{"line":10,"column":2},"end":{"line":10,"column":25}},"6":{"start":{"line":13,"column":15},"end":{"line":13,"column":23}},"7":{"start":{"line":15,"column":16},"end":{"line":18,"column":1}},"8":{"start":{"line":16,"column":15},"end":{"line":16,"column":31}},"9":{"start":{"line":17,"column":2},"end":{"line":17,"column":42}},"10":{"start":{"line":17,"column":27},"end":{"line":17,"column":41}},"11":{"start":{"line":20,"column":15},"end":{"line":25,"column":1}},"12":{"start":{"line":21,"column":15},"end":{"line":21,"column":31}},"13":{"start":{"line":22,"column":18},"end":{"line":22,"column":50}},"14":{"start":{"line":23,"column":2},"end":{"line":23,"column":43}},"15":{"start":{"line":24,"column":2},"end":{"line":24,"column":16}},"16":{"start":{"line":27,"column":19},"end":{"line":36,"column":1}},"17":{"start":{"line":28,"column":15},"end":{"line":28,"column":31}},"18":{"start":{"line":29,"column":18},"end":{"line":34,"column":4}},"19":{"start":{"line":30,"column":4},"end":{"line":32,"column":5}},"20":{"start":{"line":31,"column":6},"end":{"line":31,"column":36}},"21":{"start":{"line":33,"column":4},"end":{"line":33,"column":18}},"22":{"start":{"line":35,"column":2},"end":{"line":35,"column":28}},"23":{"start":{"line":38,"column":19},"end":{"line":41,"column":1}},"24":{"start":{"line":39,"column":15},"end":{"line":39,"column":31}},"25":{"start":{"line":40,"column":2},"end":{"line":40,"column":62}},"26":{"start":{"line":40,"column":43},"end":{"line":40,"column":60}}},"fnMap":{"0":{"name":"(anonymous_0)","decl":{"start":{"line":6,"column":20},"end":{"line":6,"column":21}},"loc":{"start":{"line":6,"column":28},"end":{"line":6,"column":72}},"line":6},"1":{"name":"(anonymous_1)","decl":{"start":{"line":8,"column":17},"end":{"line":8,"column":18}},"loc":{"start":{"line":8,"column":29},"end":{"line":11,"column":1}},"line":8},"2":{"name":"(anonymous_2)","decl":{"start":{"line":15,"column":16},"end":{"line":15,"column":17}},"loc":{"start":{"line":15,"column":30},"end":{"line":18,"column":1}},"line":15},"3":{"name":"(anonymous_3)","decl":{"start":{"line":17,"column":19},"end":{"line":17,"column":20}},"loc":{"start":{"line":17,"column":27},"end":{"line":17,"column":41}},"line":17},"4":{"name":"(anonymous_4)","decl":{"start":{"line":20,"column":15},"end":{"line":20,"column":16}},"loc":{"start":{"line":20,"column":34},"end":{"line":25,"column":1}},"line":20},"5":{"name":"(anonymous_5)","decl":{"start":{"line":27,"column":19},"end":{"line":27,"column":20}},"loc":{"start":{"line":27,"column":42},"end":{"line":36,"column":1}},"line":27},"6":{"name":"(anonymous_6)","decl":{"start":{"line":29,"column":27},"end":{"line":29,"column":28}},"loc":{"start":{"line":29,"column":38},"end":{"line":34,"column":3}},"line":29},"7":{"name":"(anonymous_7)","decl":{"start":{"line":38,"column":19},"end":{"line":38,"column":20}},"loc":{"start":{"line":38,"column":31},"end":{"line":41,"column":1}},"line":38},"8":{"name":"(anonymous_8)","decl":{"start":{"line":40,"column":32},"end":{"line":40,"column":33}},"loc":{"start":{"line":40,"column":43},"end":{"line":40,"column":60}},"line":40}},"branchMap":{"0":{"loc":{"start":{"line":30,"column":4},"end":{"line":32,"column":5}},"type":"if","locations":[{"start":{"line":30,"column":4},"end":{"line":32,"column":5}},{"start":{},"end":{}}],"line":30}},"s":{"0":2,"1":2,"2":11,"3":2,"4":29,"5":29,"6":2,"7":2,"8":13,"9":13,"10":21,"11":2,"12":3,"13":3,"14":3,"15":3,"16":2,"17":4,"18":4,"19":8,"20":3,"21":5,"22":4,"23":2,"24":4,"25":4,"26":8},"f":{"0":11,"1":29,"2":13,"3":21,"4":3,"5":4,"6":8,"7":4,"8":8},"b":{"0":[3,5]},"_coverageSchema":"1a1c01bbd47fc00a2c39e90264f33305004495a9","hash":"b16bef6b1fec5b4ce2d1b1598d78385d405eff8d"}
,"C:\\Users\\selsa\\whispering\\tests\\fixtures.js": {"path":"C:\\Users\\selsa\\whispering\\tests\\fixtures.js","statementMap":{"0":{"start":{"line":1,"column":17},"end":{"line":1,"column":80}},"1":{"start":{"line":2,"column":19},"end":{"line":2,"column":24}},"2":{"start":{"line":3,"column":19},"end":{"line":3,"column":33}}},"fnMap":{},"branchMap":{},"s":{"0":2,"1":2,"2":2},"f":{},"b":{},"_coverageSchema":"1a1c01bbd47fc00a2c39e90264f33305004495a9","hash":"f554bea3b2a39927519cfe0e70873d664798c2df"}
,"C:\\Users\\selsa\\whispering\\tests\\utils.js": {"path":"C:\\Users\\selsa\\whispering\\tests\\utils.js","statementMap":{"0":{"start":{"line":4,"column":15},"end":{"line":4,"column":45}},"1":{"start":{"line":5,"column":18},"end":{"line":5,"column":65}},"2":{"start":{"line":5,"column":24},"end":{"line":5,"column":65}},"3":{"start":{"line":6,"column":19},"end":{"line":6,"column":72}},"4":{"start":{"line":6,"column":29},"end":{"line":6,"column":72}}},"fnMap":{"0":{"name":"(anonymous_0)","decl":{"start":{"line":5,"column":18},"end":{"line":5,"column":19}},"loc":{"start":{"line":5,"column":24},"end":{"line":5,"column":65}},"line":5},"1":{"name":"(anonymous_1)","decl":{"start":{"line":6,"column":19},"end":{"line":6,"column":20}},"loc":{"start":{"line":6,"column":29},"end":{"line":6,"column":72}},"line":6}},"branchMap":{},"s":{"0":2,"1":2,"2":4,"3":2,"4":25},"f":{"0":4,"1":25},"b":{},"_coverageSchema":"1a1c01bbd47fc00a2c39e90264f33305004495a9","hash":"dea2c72845ad939e710faeff2991c69b9888b384"}
}
