TN:
SF:server.js
FN:13,(anonymous_0)
FN:19,(anonymous_1)
FN:25,(anonymous_2)
FN:36,(anonymous_3)
FN:47,(anonymous_4)
FN:64,(anonymous_5)
FNF:6
FNH:5
FNDA:0,(anonymous_0)
FNDA:2,(anonymous_1)
FNDA:2,(anonymous_2)
FNDA:3,(anonymous_3)
FNDA:4,(anonymous_4)
FNDA:2,(anonymous_5)
DA:5,1
DA:7,1
DA:8,1
DA:10,1
DA:13,1
DA:14,0
DA:15,0
DA:19,1
DA:20,2
DA:21,2
DA:25,1
DA:26,2
DA:27,2
DA:28,2
DA:29,1
DA:31,1
DA:36,1
DA:37,3
DA:38,3
DA:39,2
DA:41,1
DA:42,1
DA:47,1
DA:48,4
DA:49,4
DA:50,4
DA:51,2
DA:53,2
DA:54,2
DA:55,1
DA:57,1
DA:58,1
DA:64,1
DA:65,2
DA:66,2
DA:67,2
DA:68,1
DA:69,1
DA:71,1
DA:72,1
LF:40
LH:38
BRDA:28,0,0,1
BRDA:28,0,1,1
BRDA:38,1,0,2
BRDA:38,1,1,1
BRDA:50,2,0,2
BRDA:50,2,1,2
BRDA:54,3,0,1
BRDA:54,3,1,1
BRDA:67,4,0,1
BRDA:67,4,1,1
BRF:10
BRH:10
end_of_record
TN:
SF:store.js
FN:6,(anonymous_0)
FN:8,(anonymous_1)
FN:15,(anonymous_2)
FN:17,(anonymous_3)
FN:20,(anonymous_4)
FN:27,(anonymous_5)
FN:29,(anonymous_6)
FN:38,(anonymous_7)
FN:40,(anonymous_8)
FNF:9
FNH:9
FNDA:11,(anonymous_0)
FNDA:29,(anonymous_1)
FNDA:13,(anonymous_2)
FNDA:21,(anonymous_3)
FNDA:3,(anonymous_4)
FNDA:4,(anonymous_5)
FNDA:8,(anonymous_6)
FNDA:4,(anonymous_7)
FNDA:8,(anonymous_8)
DA:4,2
DA:6,11
DA:8,2
DA:9,29
DA:10,29
DA:13,2
DA:15,2
DA:16,13
DA:17,21
DA:20,2
DA:21,3
DA:22,3
DA:23,3
DA:24,3
DA:27,2
DA:28,4
DA:29,4
DA:30,8
DA:31,3
DA:33,5
DA:35,4
DA:38,2
DA:39,4
DA:40,8
LF:24
LH:24
BRDA:30,0,0,3
BRDA:30,0,1,5
BRF:2
BRH:2
end_of_record
TN:
SF:tests\fixtures.js
FNF:0
FNH:0
DA:1,2
DA:2,2
DA:3,2
LF:3
LH:3
BRF:0
BRH:0
end_of_record
TN:
SF:tests\utils.js
FN:5,(anonymous_0)
FN:6,(anonymous_1)
FNF:2
FNH:2
FNDA:4,(anonymous_0)
FNDA:25,(anonymous_1)
DA:4,2
DA:5,4
DA:6,25
LF:3
LH:3
BRF:0
BRH:0
end_of_record
