TN:
SF:server.js
FN:12,(anonymous_0)
FN:18,(anonymous_1)
FN:24,(anonymous_2)
FN:35,(anonymous_3)
FN:46,(anonymous_4)
FN:63,(anonymous_5)
FN:75,(anonymous_6)
FN:79,(anonymous_7)
FN:92,(anonymous_8)
FNF:9
FNH:5
FNDA:0,(anonymous_0)
FNDA:2,(anonymous_1)
FNDA:2,(anonymous_2)
FNDA:3,(anonymous_3)
FNDA:4,(anonymous_4)
FNDA:2,(anonymous_5)
FNDA:0,(anonymous_6)
FNDA:0,(anonymous_7)
FNDA:0,(anonymous_8)
DA:5,1
DA:7,1
DA:8,1
DA:9,1
DA:12,1
DA:13,0
DA:14,0
DA:18,1
DA:19,2
DA:20,2
DA:24,1
DA:25,2
DA:26,2
DA:27,2
DA:28,1
DA:30,1
DA:35,1
DA:36,3
DA:37,3
DA:38,2
DA:40,1
DA:41,1
DA:46,1
DA:47,4
DA:48,4
DA:49,4
DA:50,2
DA:52,2
DA:53,2
DA:54,1
DA:56,1
DA:57,1
DA:63,1
DA:64,2
DA:65,2
DA:66,2
DA:67,1
DA:68,1
DA:70,1
DA:71,1
DA:75,1
DA:76,0
DA:77,0
DA:78,0
DA:79,0
DA:80,0
DA:82,0
DA:86,0
DA:87,0
DA:88,0
DA:92,1
DA:93,0
LF:52
LH:40
BRDA:27,0,0,1
BRDA:27,0,1,1
BRDA:37,1,0,2
BRDA:37,1,1,1
BRDA:49,2,0,2
BRDA:49,2,1,2
BRDA:53,3,0,1
BRDA:53,3,1,1
BRDA:66,4,0,1
BRDA:66,4,1,1
BRDA:80,5,0,0
BRDA:80,5,1,0
BRDA:82,6,0,0
BRDA:82,6,1,0
BRDA:83,7,0,0
BRDA:83,7,1,0
BRDA:84,8,0,0
BRDA:84,8,1,0
BRF:18
BRH:10
end_of_record
TN:
SF:store.js
FN:6,(anonymous_0)
FN:8,(anonymous_1)
FN:15,(anonymous_2)
FN:17,(anonymous_3)
FN:20,(anonymous_4)
FN:27,(anonymous_5)
FN:29,(anonymous_6)
FN:42,(anonymous_7)
FN:44,(anonymous_8)
FN:47,(anonymous_9)
FN:50,(anonymous_10)
FN:60,(anonymous_11)
FNF:12
FNH:9
FNDA:11,(anonymous_0)
FNDA:29,(anonymous_1)
FNDA:13,(anonymous_2)
FNDA:21,(anonymous_3)
FNDA:3,(anonymous_4)
FNDA:4,(anonymous_5)
FNDA:8,(anonymous_6)
FNDA:4,(anonymous_7)
FNDA:8,(anonymous_8)
FNDA:0,(anonymous_9)
FNDA:0,(anonymous_10)
FNDA:0,(anonymous_11)
DA:4,2
DA:6,11
DA:8,2
DA:9,29
DA:10,29
DA:13,2
DA:15,2
DA:16,13
DA:17,21
DA:20,2
DA:21,3
DA:22,3
DA:23,3
DA:24,3
DA:27,2
DA:28,4
DA:29,4
DA:30,8
DA:31,3
DA:37,5
DA:39,4
DA:42,2
DA:43,4
DA:44,8
DA:47,2
DA:48,0
DA:49,0
DA:50,0
DA:51,0
DA:52,0
DA:53,0
DA:54,0
DA:56,0
DA:58,0
DA:59,0
DA:60,0
LF:36
LH:25
BRDA:27,0,0,4
BRDA:30,1,0,3
BRDA:30,1,1,5
BRDA:34,2,0,0
BRDA:34,2,1,3
BRDA:34,3,0,3
BRDA:34,3,1,3
BRDA:51,4,0,0
BRDA:51,4,1,0
BRDA:53,5,0,0
BRDA:53,5,1,0
BRDA:58,6,0,0
BRDA:58,6,1,0
BRF:13
BRH:6
end_of_record
TN:
SF:tests\fixtures.js
FNF:0
FNH:0
DA:1,2
DA:2,2
DA:3,2
LF:3
LH:3
BRF:0
BRH:0
end_of_record
TN:
SF:tests\utils.js
FN:5,(anonymous_0)
FN:6,(anonymous_1)
FNF:2
FNH:2
FNDA:4,(anonymous_0)
FNDA:25,(anonymous_1)
DA:4,2
DA:5,4
DA:6,25
LF:3
LH:3
BRF:0
BRH:0
end_of_record
